Thu Sep 12 16:33:49 CEST 2019 Thread[JavaFX Application Thread,5,main] Ignored duplicate property derby.module.replication.master in jar:file:/C:/derby-10.14/lib/derby.jar!/org/apache/derby/modules.properties
Thu Sep 12 16:33:49 CEST 2019 Thread[JavaFX Application Thread,5,main] Ignored duplicate property derby.module.resultSetStatisticsFactory in jar:file:/C:/derby-10.14/lib/derby.jar!/org/apache/derby/modules.properties
Thu Sep 12 16:33:49 CEST 2019 Thread[JavaFX Application Thread,5,main] Ignored duplicate property derby.module.NoneAuthentication in jar:file:/C:/derby-10.14/lib/derby.jar!/org/apache/derby/modules.properties
Thu Sep 12 16:33:49 CEST 2019 Thread[JavaFX Application Thread,5,main] Ignored duplicate property derby.module.lockManagerJ6 in jar:file:/C:/derby-10.14/lib/derby.jar!/org/apache/derby/modules.properties
Thu Sep 12 16:33:49 CEST 2019 Thread[JavaFX Application Thread,5,main] Ignored duplicate property derby.module.rawStore.log.readonly in jar:file:/C:/derby-10.14/lib/derby.jar!/org/apache/derby/modules.properties
Thu Sep 12 16:33:49 CEST 2019 Thread[JavaFX Application Thread,5,main] Ignored duplicate property derby.module.jdbcJ8 in jar:file:/C:/derby-10.14/lib/derby.jar!/org/apache/derby/modules.properties
Thu Sep 12 16:33:49 CEST 2019 Thread[JavaFX Application Thread,5,main] Ignored duplicate property derby.module.resourceAdapterJ2 in jar:file:/C:/derby-10.14/lib/derby.jar!/org/apache/derby/modules.properties
Thu Sep 12 16:33:49 CEST 2019 Thread[JavaFX Application Thread,5,main] Ignored duplicate property derby.module.validation in jar:file:/C:/derby-10.14/lib/derby.jar!/org/apache/derby/modules.properties
Thu Sep 12 16:33:49 CEST 2019 Thread[JavaFX Application Thread,5,main] Ignored duplicate property derby.module.lcf in jar:file:/C:/derby-10.14/lib/derby.jar!/org/apache/derby/modules.properties
Thu Sep 12 16:33:49 CEST 2019 Thread[JavaFX Application Thread,5,main] Ignored duplicate property derby.module.optimizer in jar:file:/C:/derby-10.14/lib/derby.jar!/org/apache/derby/modules.properties
Thu Sep 12 16:33:49 CEST 2019 Thread[JavaFX Application Thread,5,main] Ignored duplicate property derby.module.XPLAINFactory in jar:file:/C:/derby-10.14/lib/derby.jar!/org/apache/derby/modules.properties
Thu Sep 12 16:33:49 CEST 2019 Thread[JavaFX Application Thread,5,main] Ignored duplicate property derby.module.javaCompiler in jar:file:/C:/derby-10.14/lib/derby.jar!/org/apache/derby/modules.properties
Thu Sep 12 16:33:49 CEST 2019 Thread[JavaFX Application Thread,5,main] Ignored duplicate property derby.module.tcf in jar:file:/C:/derby-10.14/lib/derby.jar!/org/apache/derby/modules.properties
Thu Sep 12 16:33:49 CEST 2019 Thread[JavaFX Application Thread,5,main] Ignored duplicate property derby.module.dataDictionary in jar:file:/C:/derby-10.14/lib/derby.jar!/org/apache/derby/modules.properties
Thu Sep 12 16:33:49 CEST 2019 Thread[JavaFX Application Thread,5,main] Ignored duplicate property derby.env.jdk.cacheManagerJ6 in jar:file:/C:/derby-10.14/lib/derby.jar!/org/apache/derby/modules.properties
Thu Sep 12 16:33:49 CEST 2019 Thread[JavaFX Application Thread,5,main] Ignored duplicate property derby.module.ef in jar:file:/C:/derby-10.14/lib/derby.jar!/org/apache/derby/modules.properties
Thu Sep 12 16:33:49 CEST 2019 Thread[JavaFX Application Thread,5,main] Ignored duplicate property derby.module.dvfJ2 in jar:file:/C:/derby-10.14/lib/derby.jar!/org/apache/derby/modules.properties
Thu Sep 12 16:33:49 CEST 2019 Thread[JavaFX Application Thread,5,main] Ignored duplicate property derby.env.jdk.dvfJ2 in jar:file:/C:/derby-10.14/lib/derby.jar!/org/apache/derby/modules.properties
Thu Sep 12 16:33:49 CEST 2019 Thread[JavaFX Application Thread,5,main] Ignored duplicate property derby.module.daemon in jar:file:/C:/derby-10.14/lib/derby.jar!/org/apache/derby/modules.properties
Thu Sep 12 16:33:49 CEST 2019 Thread[JavaFX Application Thread,5,main] Ignored duplicate property derby.module.cacheManagerJ6 in jar:file:/C:/derby-10.14/lib/derby.jar!/org/apache/derby/modules.properties
Thu Sep 12 16:33:49 CEST 2019 Thread[JavaFX Application Thread,5,main] Ignored duplicate property derby.module.rawStore.data.genericJ4 in jar:file:/C:/derby-10.14/lib/derby.jar!/org/apache/derby/modules.properties
Thu Sep 12 16:33:49 CEST 2019 Thread[JavaFX Application Thread,5,main] Ignored duplicate property derby.module.timerJ1 in jar:file:/C:/derby-10.14/lib/derby.jar!/org/apache/derby/modules.properties
Thu Sep 12 16:33:49 CEST 2019 Thread[JavaFX Application Thread,5,main] Ignored duplicate property derby.env.jdk.rawStore.data.genericJ4 in jar:file:/C:/derby-10.14/lib/derby.jar!/org/apache/derby/modules.properties
Thu Sep 12 16:33:49 CEST 2019 Thread[JavaFX Application Thread,5,main] Ignored duplicate property derby.module.rawStore.data.genericJ1 in jar:file:/C:/derby-10.14/lib/derby.jar!/org/apache/derby/modules.properties
Thu Sep 12 16:33:49 CEST 2019 Thread[JavaFX Application Thread,5,main] Ignored duplicate property derby.module.basicAuthentication in jar:file:/C:/derby-10.14/lib/derby.jar!/org/apache/derby/modules.properties
Thu Sep 12 16:33:49 CEST 2019 Thread[JavaFX Application Thread,5,main] Ignored duplicate property derby.env.jdk.rawStore.data.genericJ1 in jar:file:/C:/derby-10.14/lib/derby.jar!/org/apache/derby/modules.properties
Thu Sep 12 16:33:49 CEST 2019 Thread[JavaFX Application Thread,5,main] Ignored duplicate property derby.env.classes.JNDIAuthentication in jar:file:/C:/derby-10.14/lib/derby.jar!/org/apache/derby/modules.properties
Thu Sep 12 16:33:49 CEST 2019 Thread[JavaFX Application Thread,5,main] Ignored duplicate property derby.module.database in jar:file:/C:/derby-10.14/lib/derby.jar!/org/apache/derby/modules.properties
Thu Sep 12 16:33:49 CEST 2019 Thread[JavaFX Application Thread,5,main] Ignored duplicate property derby.module.rawStore.transaction in jar:file:/C:/derby-10.14/lib/derby.jar!/org/apache/derby/modules.properties
Thu Sep 12 16:33:49 CEST 2019 Thread[JavaFX Application Thread,5,main] Ignored duplicate property derby.module.streams in jar:file:/C:/derby-10.14/lib/derby.jar!/org/apache/derby/modules.properties
Thu Sep 12 16:33:49 CEST 2019 Thread[JavaFX Application Thread,5,main] Ignored duplicate property derby.env.classes.dvfJ2 in jar:file:/C:/derby-10.14/lib/derby.jar!/org/apache/derby/modules.properties
Thu Sep 12 16:33:49 CEST 2019 Thread[JavaFX Application Thread,5,main] Ignored duplicate property derby.env.jdk.mgmt.jmx in jar:file:/C:/derby-10.14/lib/derby.jar!/org/apache/derby/modules.properties
Thu Sep 12 16:33:49 CEST 2019 Thread[JavaFX Application Thread,5,main] Ignored duplicate property derby.module.nativeAuthentication in jar:file:/C:/derby-10.14/lib/derby.jar!/org/apache/derby/modules.properties
Thu Sep 12 16:33:49 CEST 2019 Thread[JavaFX Application Thread,5,main] Ignored duplicate property derby.env.jdk.cryptographyJ2 in jar:file:/C:/derby-10.14/lib/derby.jar!/org/apache/derby/modules.properties
Thu Sep 12 16:33:49 CEST 2019 Thread[JavaFX Application Thread,5,main] Ignored duplicate property derby.module.access.sort in jar:file:/C:/derby-10.14/lib/derby.jar!/org/apache/derby/modules.properties
Thu Sep 12 16:33:49 CEST 2019 Thread[JavaFX Application Thread,5,main] Ignored duplicate property derby.env.classes.jdbcJ8 in jar:file:/C:/derby-10.14/lib/derby.jar!/org/apache/derby/modules.properties
Thu Sep 12 16:33:49 CEST 2019 Thread[JavaFX Application Thread,5,main] Ignored duplicate property derby.env.classes.cryptographyJ2 in jar:file:/C:/derby-10.14/lib/derby.jar!/org/apache/derby/modules.properties
Thu Sep 12 16:33:49 CEST 2019 Thread[JavaFX Application Thread,5,main] Ignored duplicate property derby.env.classes.rawStore.data.genericJ4 in jar:file:/C:/derby-10.14/lib/derby.jar!/org/apache/derby/modules.properties
Thu Sep 12 16:33:49 CEST 2019 Thread[JavaFX Application Thread,5,main] Ignored duplicate property derby.env.jdk.jdbcJ8 in jar:file:/C:/derby-10.14/lib/derby.jar!/org/apache/derby/modules.properties
Thu Sep 12 16:33:49 CEST 2019 Thread[JavaFX Application Thread,5,main] Ignored duplicate property derby.env.jdk.lockManagerJ6 in jar:file:/C:/derby-10.14/lib/derby.jar!/org/apache/derby/modules.properties
Thu Sep 12 16:33:49 CEST 2019 Thread[JavaFX Application Thread,5,main] Ignored duplicate property derby.module.cryptographyJ2 in jar:file:/C:/derby-10.14/lib/derby.jar!/org/apache/derby/modules.properties
Thu Sep 12 16:33:49 CEST 2019 Thread[JavaFX Application Thread,5,main] Ignored duplicate property derby.module.specificAuthentication in jar:file:/C:/derby-10.14/lib/derby.jar!/org/apache/derby/modules.properties
Thu Sep 12 16:33:49 CEST 2019 Thread[JavaFX Application Thread,5,main] Ignored duplicate property derby.module.mgmt.jmx in jar:file:/C:/derby-10.14/lib/derby.jar!/org/apache/derby/modules.properties
Thu Sep 12 16:33:49 CEST 2019 Thread[JavaFX Application Thread,5,main] Ignored duplicate property derby.module.netServer.autoStart in jar:file:/C:/derby-10.14/lib/derby.jar!/org/apache/derby/modules.properties
Thu Sep 12 16:33:49 CEST 2019 Thread[JavaFX Application Thread,5,main] Ignored duplicate property derby.module.access.uniquewithduplicatenullssort in jar:file:/C:/derby-10.14/lib/derby.jar!/org/apache/derby/modules.properties
Thu Sep 12 16:33:49 CEST 2019 Thread[JavaFX Application Thread,5,main] Ignored duplicate property derby.module.classManagerJ2 in jar:file:/C:/derby-10.14/lib/derby.jar!/org/apache/derby/modules.properties
Thu Sep 12 16:33:49 CEST 2019 Thread[JavaFX Application Thread,5,main] Ignored duplicate property derby.module.JNDIAuthentication in jar:file:/C:/derby-10.14/lib/derby.jar!/org/apache/derby/modules.properties
Thu Sep 12 16:33:49 CEST 2019 Thread[JavaFX Application Thread,5,main] Ignored duplicate property derby.module.rawStore.log in jar:file:/C:/derby-10.14/lib/derby.jar!/org/apache/derby/modules.properties
Thu Sep 12 16:33:49 CEST 2019 Thread[JavaFX Application Thread,5,main] Ignored duplicate property derby.module.access.heap in jar:file:/C:/derby-10.14/lib/derby.jar!/org/apache/derby/modules.properties
Thu Sep 12 16:33:49 CEST 2019 Thread[JavaFX Application Thread,5,main] Ignored duplicate property derby.module.database.slave in jar:file:/C:/derby-10.14/lib/derby.jar!/org/apache/derby/modules.properties
Thu Sep 12 16:33:49 CEST 2019 Thread[JavaFX Application Thread,5,main] Ignored duplicate property derby.env.jdk.resourceAdapterJ2 in jar:file:/C:/derby-10.14/lib/derby.jar!/org/apache/derby/modules.properties
Thu Sep 12 16:33:49 CEST 2019 Thread[JavaFX Application Thread,5,main] Ignored duplicate property derby.module.mgmt.null in jar:file:/C:/derby-10.14/lib/derby.jar!/org/apache/derby/modules.properties
Thu Sep 12 16:33:49 CEST 2019 Thread[JavaFX Application Thread,5,main] Ignored duplicate property derby.env.classes.resourceAdapterJ2 in jar:file:/C:/derby-10.14/lib/derby.jar!/org/apache/derby/modules.properties
Thu Sep 12 16:33:49 CEST 2019 Thread[JavaFX Application Thread,5,main] Ignored duplicate property derby.module.access in jar:file:/C:/derby-10.14/lib/derby.jar!/org/apache/derby/modules.properties
Thu Sep 12 16:33:49 CEST 2019 Thread[JavaFX Application Thread,5,main] Ignored duplicate property derby.module.replication.slave in jar:file:/C:/derby-10.14/lib/derby.jar!/org/apache/derby/modules.properties
Thu Sep 12 16:33:49 CEST 2019 Thread[JavaFX Application Thread,5,main] Ignored duplicate property derby.module.lf in jar:file:/C:/derby-10.14/lib/derby.jar!/org/apache/derby/modules.properties
Thu Sep 12 16:33:49 CEST 2019 Thread[JavaFX Application Thread,5,main] Ignored duplicate property derby.module.uuidJ1 in jar:file:/C:/derby-10.14/lib/derby.jar!/org/apache/derby/modules.properties
Thu Sep 12 16:33:49 CEST 2019 Thread[JavaFX Application Thread,5,main] Ignored duplicate property derby.module.access.btree in jar:file:/C:/derby-10.14/lib/derby.jar!/org/apache/derby/modules.properties
Thu Sep 12 16:33:49 CEST 2019 Thread[JavaFX Application Thread,5,main] Ignored duplicate property derby.module.rawStore in jar:file:/C:/derby-10.14/lib/derby.jar!/org/apache/derby/modules.properties
----------------------------------------------------------------
Thu Sep 12 16:33:49 CEST 2019:
Amorçage de Derby version The Apache Software Foundation - Apache Derby - 10.14.2.0 - (1828579) : instance a816c00e-016d-25e5-0755-000005cef370 
dans le répertoire de base de données C:\Users\Cédric Cousin-Ruby\Documents\www\java\bibliotheque\database avec le chargeur de classe sun.misc.Launcher$AppClassLoader@5c647e05
Chargé de file:/C:/Users/C%c3%a9dric%20Cousin-Ruby/Documents/www/java/bibliotheque/dist/lib/derby.jar
java.vendor=Oracle Corporation
java.runtime.version=1.8.0_181-b13
user.dir=C:\Users\Cédric Cousin-Ruby\Documents\www\java\bibliotheque
os.name=Windows 10
os.arch=amd64
os.version=10.0
derby.system.home=null
Chargeur de classe de la base de données démarré - derby.database.classpath = ''
